0 info it worked if it ends with ok
1 verbose cli [ 'C:\\Program Files\\nodejs\\node.exe',
1 verbose cli   'C:\\Program Files\\nodejs\\node_modules\\npm\\bin\\npm-cli.js',
1 verbose cli   'start' ]
2 info using npm@3.10.10
3 info using node@v6.10.1
4 verbose run-script [ 'prestart', 'start', 'poststart' ]
5 info lifecycle vue.js-image-slider@1.0.0~prestart: vue.js-image-slider@1.0.0
6 silly lifecycle vue.js-image-slider@1.0.0~prestart: no script for prestart, continuing
7 info lifecycle vue.js-image-slider@1.0.0~start: vue.js-image-slider@1.0.0
8 verbose lifecycle vue.js-image-slider@1.0.0~start: unsafe-perm in lifecycle true
9 verbose lifecycle vue.js-image-slider@1.0.0~start: PATH: C:\Program Files\nodejs\node_modules\npm\bin\node-gyp-bin;C:\Users\student\Desktop\diana\vue.js-image-slider\node_modules\.bin;C:\ProgramData\Oracle\Java\javapath;C:\Windows\system32;C:\Windows;C:\Windows\System32\Wbem;C:\Windows\System32\WindowsPowerShell\v1.0\;O:\neard\bin\apache\apache2.4.12\bin;O:\neard\bin\php\php5.3.13;O:\neard\bin\php\php5.3.13\pear;O:\neard\bin\php\php5.3.13\imagick;O:\neard\tools\imagemagick\imagemagick6.8.9-7;O:\neard\tools\svn\svn1.7.14\bin;O:\neard\tools\git\git1.8.4\bin;;C:\Windows\system32\config\systemprofile\.dnx\bin;C:\Program Files\Microsoft DNX\Dnvm\;C:\Program Files\Java\jdk1.8.0_60\bin;C:\Program Files\Java\jdk1.8.0_60\lib;C:\Program Files\TortoiseGit\bin;C:\Program Files\Microsoft SQL Server\120\Tools\Binn\;C:\Program Files (x86)\Brackets\command;C:\Program Files\Git\cmd;C:\Program Files\nodejs\;C:\Program Files (x86)\Skype\Phone\;C:\Users\student\AppData\Local\Programs\Python\Python36-32\;C:\Users\student\AppData\Local\Programs\Python\Python36-32\Scripts;C:\Users\student\AppData\Local\atom\bin;C:\Program Files (x86)\Microsoft VS Code\bin;C:\Users\student\AppData\Roaming\npm;C:\Users\student\AppData\Local\Programs\Python\Python36-32\;C:\Users\student\AppData\Local\Programs\Python\Python36-32\Scripts;
10 verbose lifecycle vue.js-image-slider@1.0.0~start: CWD: C:\Users\student\Desktop\diana\vue.js-image-slider
11 silly lifecycle vue.js-image-slider@1.0.0~start: Args: [ '/d /s /c', 'neutrino start' ]
12 silly lifecycle vue.js-image-slider@1.0.0~start: Returned: code: 3221225786  signal: null
13 info lifecycle vue.js-image-slider@1.0.0~start: Failed to exec start script
14 verbose stack Error: vue.js-image-slider@1.0.0 start: `neutrino start`
14 verbose stack Exit status 3221225786
14 verbose stack     at EventEmitter.<anonymous> (C:\Program Files\nodejs\node_modules\npm\lib\utils\lifecycle.js:255:16)
14 verbose stack     at emitTwo (events.js:106:13)
14 verbose stack     at EventEmitter.emit (events.js:191:7)
14 verbose stack     at ChildProcess.<anonymous> (C:\Program Files\nodejs\node_modules\npm\lib\utils\spawn.js:40:14)
14 verbose stack     at emitTwo (events.js:106:13)
14 verbose stack     at ChildProcess.emit (events.js:191:7)
14 verbose stack     at maybeClose (internal/child_process.js:886:16)
14 verbose stack     at Process.ChildProcess._handle.onexit (internal/child_process.js:226:5)
15 verbose pkgid vue.js-image-slider@1.0.0
16 verbose cwd C:\Users\student\Desktop\diana\vue.js-image-slider
17 error Windows_NT 10.0.10240
18 error argv "C:\\Program Files\\nodejs\\node.exe" "C:\\Program Files\\nodejs\\node_modules\\npm\\bin\\npm-cli.js" "start"
19 error node v6.10.1
20 error npm  v3.10.10
21 error code ELIFECYCLE
22 error vue.js-image-slider@1.0.0 start: `neutrino start`
22 error Exit status 3221225786
23 error Failed at the vue.js-image-slider@1.0.0 start script 'neutrino start'.
23 error Make sure you have the latest version of node.js and npm installed.
23 error If you do, this is most likely a problem with the vue.js-image-slider package,
23 error not with npm itself.
23 error Tell the author that this fails on your system:
23 error     neutrino start
23 error You can get information on how to open an issue for this project with:
23 error     npm bugs vue.js-image-slider
23 error Or if that isn't available, you can get their info via:
23 error     npm owner ls vue.js-image-slider
23 error There is likely additional logging output above.
24 verbose exit [ 1, true ]
